[2025/06/16 15:15:16]: §9          __             _       
[2025/06/16 15:15:16]: §9  _ __   / /  ___   __ _(_)_ __  
[2025/06/16 15:15:16]: §9 | '_ \ / /  / _ \ / _` | | '_ \ 
[2025/06/16 15:15:16]: §9 | | | / /__| (_) | (_| | | | | |
[2025/06/16 15:15:16]: §9 |_| |_\____/\___/ \__, |_|_| |_|
[2025/06/16 15:15:16]: §9                  |___/            
[2025/06/16 15:15:16]: §9 By: www.nickuc.com - V 10.4.23 DEVELOPMENT
[2025/06/16 15:15:16]: §9 
[2025/06/16 15:15:16]: §3[nLogin] [DEBUG] All settings were loaded in 264 ms.
[2025/06/16 15:15:16]: §3[nLogin] [DEBUG] Loading the messages_en.yml message file...
[2025/06/16 15:15:16]: §3[nLogin] [DEBUG] All plugin messages were loaded in 147 ms (languageByClient=false).
[2025/06/16 15:15:16]: §3[nLogin] [DEBUG] All proxy settings were loaded in 21 ms.
[2025/06/16 15:15:16]: §3[nLogin] [DEBUG] Loading database...
[2025/06/16 15:15:17]: §3[nLogin] [DEBUG] Starting logger filter...
[2025/06/16 15:15:22]: 
[2025/06/16 15:15:22]:  §bThank you so much for choosing nLogin! §4<3
[2025/06/16 15:15:22]: 
[2025/06/16 15:15:22]:  §4For your safety, please read the message below:
[2025/06/16 15:15:22]:   §cNever download nLogin from unknown sources.
[2025/06/16 15:15:22]:   §cA modified version may contain malicious software.
[2025/06/16 15:15:22]: 
[2025/06/16 15:15:22]:  §3Trusted sources:
[2025/06/16 15:15:22]:   §bwww.nickuc.com
[2025/06/16 15:15:22]:   §bwww.github.com/nickuc
[2025/06/16 15:15:22]:   §bOpeNLogin installer (from Spigot or GitHub)
[2025/06/16 15:15:22]: 
[2025/06/16 15:15:22]:  §3Official support channels:
[2025/06/16 15:15:22]:   §bDiscord group: §fwww.nickuc.com/discord
[2025/06/16 15:15:22]:   §bDocumentation: §fdocs.nickuc.com/nlogin/
[2025/06/16 15:15:22]:   §bEmail: §fsupport@nickuc.com
[2025/06/16 15:15:22]:   §bYouTube: §fyoutube.com/nickuc
[2025/06/16 15:15:22]: 
[2025/06/16 15:15:22]:  §eTo remove this warning, log in with "nlogin.admin" permission on the server
[2025/06/16 15:15:22]:  §eand click the "Setup plugin" button to configure your plugin.
[2025/06/16 15:15:22]: 
[2025/06/16 15:16:07]: §3[nLogin] [DEBUG] [SQLite] [UPDATE]: "UPDATE `nlogin` SET `last_name` = 'L6_', `unique_id` = 558b0c4ffe5f37419bed25373ea9dd63,  `mojang_id` = null,  `bedrock_id` = null,  `password` = '$2a$10$sVRieRIC/n7AQVOW4n6ZH.bLB7M88wp7ln8J8vvfgXDX5VJv3gDk.', `last_ip` = '0:0:0:0:0:0:0:1', `creation_date` = 2025-06-16 15:08:28.03, `last_seen` = 2025-06-16 15:16:07.306, `email` = null, `discord` = null, `settings` = '{"settings":[{"value":"auth","key":"last-server"},{"value":"en","key":"language"}],"version":0}' WHERE `ai` = 1" (applied to [last_ip, last_seen, settings] columns)
[2025/06/16 15:16:07]: [nLogin] The user L6_ has successfully logged in.
[2025/06/16 15:16:27]: §3[nLogin] [DEBUG] [SQLite] [UPDATE]: "UPDATE `nlogin` SET `last_name` = 'L6_', `unique_id` = 558b0c4ffe5f37419bed25373ea9dd63,  `mojang_id` = null,  `bedrock_id` = null,  `password` = '$2a$10$sVRieRIC/n7AQVOW4n6ZH.bLB7M88wp7ln8J8vvfgXDX5VJv3gDk.', `last_ip` = '0:0:0:0:0:0:0:1', `creation_date` = 2025-06-16 15:08:28.03, `last_seen` = 2025-06-16 15:16:27.825, `email` = null, `discord` = null, `settings` = '{"settings":[{"value":"survival","key":"last-server"},{"value":"en","key":"language"}],"version":0}' WHERE `ai` = 1" (applied to [last_seen, settings] columns)
[2025/06/16 15:17:07]: §3[nLogin] [DEBUG] [SQLite] [UPDATE]: "UPDATE `nlogin` SET `last_name` = 'L6_', `unique_id` = 558b0c4ffe5f37419bed25373ea9dd63,  `mojang_id` = null,  `bedrock_id` = null,  `password` = '$2a$10$sVRieRIC/n7AQVOW4n6ZH.bLB7M88wp7ln8J8vvfgXDX5VJv3gDk.', `last_ip` = '0:0:0:0:0:0:0:1', `creation_date` = 2025-06-16 15:08:28.03, `last_seen` = 2025-06-16 15:17:07.408, `email` = null, `discord` = null, `settings` = '{"settings":[{"value":"survival","key":"last-server"},{"value":"en","key":"language"}],"version":0}' WHERE `ai` = 1" (applied to [last_ip, last_seen, settings] columns)
[2025/06/16 15:17:07]: [nLogin] The user L6_ has successfully logged in.
[2025/06/16 15:17:54]: §3[nLogin] [DEBUG] [SQLite] [UPDATE]: "UPDATE `nlogin` SET `last_name` = 'L6_', `unique_id` = 558b0c4ffe5f37419bed25373ea9dd63,  `mojang_id` = null,  `bedrock_id` = null,  `password` = '$2a$10$sVRieRIC/n7AQVOW4n6ZH.bLB7M88wp7ln8J8vvfgXDX5VJv3gDk.', `last_ip` = '0:0:0:0:0:0:0:1', `creation_date` = 2025-06-16 15:08:28.03, `last_seen` = 2025-06-16 15:17:54.682, `email` = null, `discord` = null, `settings` = '{"settings":[{"value":"survival","key":"last-server"},{"value":"en","key":"language"}],"version":0}' WHERE `ai` = 1" (applied to [last_seen, settings] columns)
[2025/06/16 15:18:20]: [nLogin] Successful plugin core shutdown (took 0.00s)
