[2025/06/16 14:36:31]: §9          __             _       
[2025/06/16 14:36:31]: §9  _ __   / /  ___   __ _(_)_ __  
[2025/06/16 14:36:31]: §9 | '_ \ / /  / _ \ / _` | | '_ \ 
[2025/06/16 14:36:31]: §9 | | | / /__| (_) | (_| | | | | |
[2025/06/16 14:36:31]: §9 |_| |_\____/\___/ \__, |_|_| |_|
[2025/06/16 14:36:31]: §9                  |___/            
[2025/06/16 14:36:31]: §9 By: www.nickuc.com - V 10.4.23 DEVELOPMENT
[2025/06/16 14:36:31]: §9 
[2025/06/16 14:36:32]: §3[nLogin] [DEBUG] All settings were loaded in 200 ms.
[2025/06/16 14:36:32]: §3[nLogin] [DEBUG] Loading the messages_en.yml message file...
[2025/06/16 14:36:32]: §3[nLogin] [DEBUG] All plugin messages were loaded in 59 ms (languageByClient=false).
[2025/06/16 14:36:32]: §3[nLogin] [DEBUG] All proxy settings were loaded in 9 ms.
[2025/06/16 14:36:32]: §3[nLogin] [DEBUG] Loading database...
[2025/06/16 14:36:32]: §3[nLogin] [DEBUG] Starting logger filter...
[2025/06/16 14:36:37]: 
[2025/06/16 14:36:37]:  §bThank you so much for choosing nLogin! §4<3
[2025/06/16 14:36:37]: 
[2025/06/16 14:36:37]:  §4For your safety, please read the message below:
[2025/06/16 14:36:37]:   §cNever download nLogin from unknown sources.
[2025/06/16 14:36:37]:   §cA modified version may contain malicious software.
[2025/06/16 14:36:37]: 
[2025/06/16 14:36:37]:  §3Trusted sources:
[2025/06/16 14:36:37]:   §bwww.nickuc.com
[2025/06/16 14:36:37]:   §bwww.github.com/nickuc
[2025/06/16 14:36:37]:   §bOpeNLogin installer (from Spigot or GitHub)
[2025/06/16 14:36:37]: 
[2025/06/16 14:36:37]:  §3Official support channels:
[2025/06/16 14:36:37]:   §bDiscord group: §fwww.nickuc.com/discord
[2025/06/16 14:36:37]:   §bDocumentation: §fdocs.nickuc.com/nlogin/
[2025/06/16 14:36:37]:   §bEmail: §fsupport@nickuc.com
[2025/06/16 14:36:37]:   §bYouTube: §fyoutube.com/nickuc
[2025/06/16 14:36:37]: 
[2025/06/16 14:36:37]:  §eTo remove this warning, log in with "nlogin.admin" permission on the server
[2025/06/16 14:36:37]:  §eand click the "Setup plugin" button to configure your plugin.
[2025/06/16 14:36:37]: 
[2025/06/16 15:08:28]: §3[nLogin] [DEBUG] [SQLite] [UPDATE]: "INSERT INTO `nlogin` (`last_name`, `unique_id`, `mojang_id`, `bedrock_id`, `password`, `last_ip`, `creation_date`, `last_seen`, `email`, `discord`, `settings`) VALUES ('L6_', 558b0c4ffe5f37419bed25373ea9dd63, null, null, '$2a$10$sVRieRIC/n7AQVOW4n6ZH.bLB7M88wp7ln8J8vvfgXDX5VJv3gDk.', '0:0:0:0:0:0:0:1', '2025-06-16 15:08:28.03', '2025-06-16 15:08:28.03', null, null, '{"settings":[{"value":true,"key":"force-invalid-session"}],"version":0}')" (applied to all columns)
[2025/06/16 15:08:28]: [nLogin] The user L6_ has successfully registered.
[2025/06/16 15:08:37]: §3[nLogin] [DEBUG] [SQLite] [UPDATE]: "UPDATE `nlogin` SET `last_name` = 'L6_', `unique_id` = 558b0c4ffe5f37419bed25373ea9dd63,  `mojang_id` = null,  `bedrock_id` = null,  `password` = '$2a$10$sVRieRIC/n7AQVOW4n6ZH.bLB7M88wp7ln8J8vvfgXDX5VJv3gDk.', `last_ip` = '0:0:0:0:0:0:0:1', `creation_date` = 2025-06-16 15:08:28.03, `last_seen` = 2025-06-16 15:08:37.538, `email` = null, `discord` = null, `settings` = '{"settings":[{"value":true,"key":"force-invalid-session"},{"value":"auth","key":"last-server"},{"value":"en","key":"language"}],"version":0}' WHERE `ai` = 1" (applied to [last_seen, settings] columns)
[2025/06/16 15:14:07]: [nLogin] Successful plugin core shutdown (took 0.00s)
